INFO:root:Start SimCLR training for 200 epochs.
INFO:root:Training with gpu: False.
DEBUG:root:Epoch: 0	Loss: 4.406802177429199	Top1 accuracy: 18.9453125
DEBUG:root:Epoch: 1	Loss: 3.0175161361694336	Top1 accuracy: 38.671875
DEBUG:root:Epoch: 2	Loss: 2.604074716567993	Top1 accuracy: 47.65625
DEBUG:root:Epoch: 3	Loss: 2.2647151947021484	Top1 accuracy: 57.8125
DEBUG:root:Epoch: 4	Loss: 2.0555167198181152	Top1 accuracy: 59.9609375
DEBUG:root:Epoch: 5	Loss: 1.860258936882019	Top1 accuracy: 56.640625
DEBUG:root:Epoch: 6	Loss: 1.9618293046951294	Top1 accuracy: 59.5703125
DEBUG:root:Epoch: 7	Loss: 1.6391098499298096	Top1 accuracy: 64.84375
DEBUG:root:Epoch: 8	Loss: 1.765761137008667	Top1 accuracy: 64.2578125
DEBUG:root:Epoch: 9	Loss: 1.7818825244903564	Top1 accuracy: 65.234375
DEBUG:root:Epoch: 10	Loss: 1.7859958410263062	Top1 accuracy: 64.0625
DEBUG:root:Epoch: 11	Loss: 1.6013528108596802	Top1 accuracy: 72.265625
DEBUG:root:Epoch: 12	Loss: 1.7725887298583984	Top1 accuracy: 66.9921875
DEBUG:root:Epoch: 13	Loss: 1.724685788154602	Top1 accuracy: 71.875
DEBUG:root:Epoch: 14	Loss: 1.4644925594329834	Top1 accuracy: 69.7265625
DEBUG:root:Epoch: 15	Loss: 1.5082993507385254	Top1 accuracy: 72.8515625
DEBUG:root:Epoch: 16	Loss: 1.222634196281433	Top1 accuracy: 67.7734375
DEBUG:root:Epoch: 17	Loss: 1.3561437129974365	Top1 accuracy: 71.2890625
DEBUG:root:Epoch: 18	Loss: 1.3510524034500122	Top1 accuracy: 74.21875
DEBUG:root:Epoch: 19	Loss: 1.6249213218688965	Top1 accuracy: 75.78125
DEBUG:root:Epoch: 20	Loss: 1.1117976903915405	Top1 accuracy: 73.046875
DEBUG:root:Epoch: 21	Loss: 1.4407113790512085	Top1 accuracy: 74.21875
DEBUG:root:Epoch: 22	Loss: 1.4504517316818237	Top1 accuracy: 76.953125
DEBUG:root:Epoch: 23	Loss: 1.3399560451507568	Top1 accuracy: 70.1171875
DEBUG:root:Epoch: 24	Loss: 1.1591156721115112	Top1 accuracy: 74.21875
DEBUG:root:Epoch: 25	Loss: 1.462656021118164	Top1 accuracy: 75.1953125
DEBUG:root:Epoch: 26	Loss: 1.160622477531433	Top1 accuracy: 75.9765625
DEBUG:root:Epoch: 27	Loss: 0.9857535362243652	Top1 accuracy: 76.7578125
DEBUG:root:Epoch: 28	Loss: 1.216840147972107	Top1 accuracy: 79.6875
DEBUG:root:Epoch: 29	Loss: 1.195657730102539	Top1 accuracy: 78.90625
DEBUG:root:Epoch: 30	Loss: 1.3388550281524658	Top1 accuracy: 77.34375
DEBUG:root:Epoch: 31	Loss: 1.1139423847198486	Top1 accuracy: 78.3203125
DEBUG:root:Epoch: 32	Loss: 1.331335186958313	Top1 accuracy: 76.5625
DEBUG:root:Epoch: 33	Loss: 1.4092285633087158	Top1 accuracy: 77.734375
DEBUG:root:Epoch: 34	Loss: 1.1911826133728027	Top1 accuracy: 77.9296875
DEBUG:root:Epoch: 35	Loss: 1.108843207359314	Top1 accuracy: 72.265625
DEBUG:root:Epoch: 36	Loss: 1.205968976020813	Top1 accuracy: 78.90625
DEBUG:root:Epoch: 37	Loss: 1.1775680780410767	Top1 accuracy: 80.078125
DEBUG:root:Epoch: 38	Loss: 1.2538654804229736	Top1 accuracy: 77.9296875
DEBUG:root:Epoch: 39	Loss: 1.1051216125488281	Top1 accuracy: 80.6640625
DEBUG:root:Epoch: 40	Loss: 1.182492971420288	Top1 accuracy: 79.4921875
DEBUG:root:Epoch: 41	Loss: 0.9371857047080994	Top1 accuracy: 75.0
DEBUG:root:Epoch: 42	Loss: 1.2386609315872192	Top1 accuracy: 77.1484375
DEBUG:root:Epoch: 43	Loss: 1.0453007221221924	Top1 accuracy: 76.5625
DEBUG:root:Epoch: 44	Loss: 1.180436134338379	Top1 accuracy: 79.6875
DEBUG:root:Epoch: 45	Loss: 1.0364110469818115	Top1 accuracy: 78.7109375
DEBUG:root:Epoch: 46	Loss: 1.051924705505371	Top1 accuracy: 77.734375
DEBUG:root:Epoch: 47	Loss: 1.118939757347107	Top1 accuracy: 81.4453125
DEBUG:root:Epoch: 48	Loss: 0.9046109318733215	Top1 accuracy: 81.0546875
DEBUG:root:Epoch: 49	Loss: 1.036230444908142	Top1 accuracy: 81.25
DEBUG:root:Epoch: 50	Loss: 1.119853138923645	Top1 accuracy: 79.6875
DEBUG:root:Epoch: 51	Loss: 1.1145424842834473	Top1 accuracy: 80.078125
DEBUG:root:Epoch: 52	Loss: 0.8390942811965942	Top1 accuracy: 82.6171875
DEBUG:root:Epoch: 53	Loss: 1.034914255142212	Top1 accuracy: 82.8125
DEBUG:root:Epoch: 54	Loss: 0.8355286717414856	Top1 accuracy: 79.296875
DEBUG:root:Epoch: 55	Loss: 1.0701310634613037	Top1 accuracy: 81.8359375
DEBUG:root:Epoch: 56	Loss: 0.9999168515205383	Top1 accuracy: 81.640625
DEBUG:root:Epoch: 57	Loss: 0.987194299697876	Top1 accuracy: 82.2265625
DEBUG:root:Epoch: 58	Loss: 1.0580919981002808	Top1 accuracy: 78.90625
DEBUG:root:Epoch: 59	Loss: 0.8832874894142151	Top1 accuracy: 82.03125
DEBUG:root:Epoch: 60	Loss: 0.8857027888298035	Top1 accuracy: 79.4921875
DEBUG:root:Epoch: 61	Loss: 1.04576575756073	Top1 accuracy: 81.640625
DEBUG:root:Epoch: 62	Loss: 0.7915126085281372	Top1 accuracy: 77.734375
DEBUG:root:Epoch: 63	Loss: 1.100051999092102	Top1 accuracy: 82.8125
DEBUG:root:Epoch: 64	Loss: 0.862349808216095	Top1 accuracy: 82.03125
DEBUG:root:Epoch: 65	Loss: 1.0286411046981812	Top1 accuracy: 81.8359375
DEBUG:root:Epoch: 66	Loss: 0.8648205399513245	Top1 accuracy: 83.203125
DEBUG:root:Epoch: 67	Loss: 0.8288711309432983	Top1 accuracy: 81.8359375
DEBUG:root:Epoch: 68	Loss: 1.082430362701416	Top1 accuracy: 84.5703125
DEBUG:root:Epoch: 69	Loss: 0.9385972023010254	Top1 accuracy: 84.5703125
DEBUG:root:Epoch: 70	Loss: 0.925231397151947	Top1 accuracy: 79.6875
DEBUG:root:Epoch: 71	Loss: 0.7405202984809875	Top1 accuracy: 82.2265625
DEBUG:root:Epoch: 72	Loss: 0.8484361171722412	Top1 accuracy: 83.984375
DEBUG:root:Epoch: 73	Loss: 0.8807708621025085	Top1 accuracy: 82.8125
DEBUG:root:Epoch: 74	Loss: 0.8863078951835632	Top1 accuracy: 82.8125
DEBUG:root:Epoch: 75	Loss: 0.8780710101127625	Top1 accuracy: 82.8125
DEBUG:root:Epoch: 76	Loss: 0.7957168221473694	Top1 accuracy: 79.8828125
DEBUG:root:Epoch: 77	Loss: 0.8287546634674072	Top1 accuracy: 78.125
DEBUG:root:Epoch: 78	Loss: 0.9838628768920898	Top1 accuracy: 86.9140625
DEBUG:root:Epoch: 79	Loss: 0.7151452898979187	Top1 accuracy: 85.15625
DEBUG:root:Epoch: 80	Loss: 0.8199798464775085	Top1 accuracy: 80.078125
DEBUG:root:Epoch: 81	Loss: 0.880470871925354	Top1 accuracy: 83.0078125
DEBUG:root:Epoch: 82	Loss: 0.9217073917388916	Top1 accuracy: 82.2265625
DEBUG:root:Epoch: 83	Loss: 0.9089109897613525	Top1 accuracy: 82.8125
DEBUG:root:Epoch: 84	Loss: 0.8388078212738037	Top1 accuracy: 87.890625
DEBUG:root:Epoch: 85	Loss: 0.8590651154518127	Top1 accuracy: 81.640625
DEBUG:root:Epoch: 86	Loss: 0.8558072447776794	Top1 accuracy: 79.296875
DEBUG:root:Epoch: 87	Loss: 0.8162014484405518	Top1 accuracy: 83.0078125
DEBUG:root:Epoch: 88	Loss: 0.8463009595870972	Top1 accuracy: 86.5234375
DEBUG:root:Epoch: 89	Loss: 0.9778763055801392	Top1 accuracy: 84.5703125
DEBUG:root:Epoch: 90	Loss: 0.7678346037864685	Top1 accuracy: 82.421875
DEBUG:root:Epoch: 91	Loss: 0.8133435249328613	Top1 accuracy: 85.546875
DEBUG:root:Epoch: 92	Loss: 0.9941849112510681	Top1 accuracy: 81.8359375
DEBUG:root:Epoch: 93	Loss: 0.810474157333374	Top1 accuracy: 83.984375
DEBUG:root:Epoch: 94	Loss: 0.8701449036598206	Top1 accuracy: 83.3984375
DEBUG:root:Epoch: 95	Loss: 0.9687132239341736	Top1 accuracy: 83.3984375
DEBUG:root:Epoch: 96	Loss: 0.8136481642723083	Top1 accuracy: 84.375
DEBUG:root:Epoch: 97	Loss: 0.8970853090286255	Top1 accuracy: 83.3984375
DEBUG:root:Epoch: 98	Loss: 0.7962457537651062	Top1 accuracy: 85.3515625
DEBUG:root:Epoch: 99	Loss: 0.7542639374732971	Top1 accuracy: 82.2265625
DEBUG:root:Epoch: 100	Loss: 0.8186057806015015	Top1 accuracy: 84.9609375
DEBUG:root:Epoch: 101	Loss: 0.9278661012649536	Top1 accuracy: 81.0546875
DEBUG:root:Epoch: 102	Loss: 0.7379773855209351	Top1 accuracy: 82.8125
DEBUG:root:Epoch: 103	Loss: 0.8084665536880493	Top1 accuracy: 84.5703125
DEBUG:root:Epoch: 104	Loss: 0.6883893013000488	Top1 accuracy: 85.546875
DEBUG:root:Epoch: 105	Loss: 0.7901350855827332	Top1 accuracy: 85.7421875
DEBUG:root:Epoch: 106	Loss: 0.8025960922241211	Top1 accuracy: 86.1328125
DEBUG:root:Epoch: 107	Loss: 0.7176790237426758	Top1 accuracy: 85.546875
DEBUG:root:Epoch: 108	Loss: 0.8362822532653809	Top1 accuracy: 84.5703125
DEBUG:root:Epoch: 109	Loss: 0.9043147563934326	Top1 accuracy: 86.5234375
DEBUG:root:Epoch: 110	Loss: 0.7693630456924438	Top1 accuracy: 86.1328125
DEBUG:root:Epoch: 111	Loss: 0.7720569372177124	Top1 accuracy: 83.3984375
DEBUG:root:Epoch: 112	Loss: 0.7378830313682556	Top1 accuracy: 81.8359375
DEBUG:root:Epoch: 113	Loss: 0.8546926379203796	Top1 accuracy: 81.4453125
DEBUG:root:Epoch: 114	Loss: 0.855869472026825	Top1 accuracy: 83.3984375
DEBUG:root:Epoch: 115	Loss: 0.8609721660614014	Top1 accuracy: 85.9375
DEBUG:root:Epoch: 116	Loss: 0.8502296805381775	Top1 accuracy: 85.15625
DEBUG:root:Epoch: 117	Loss: 0.8418917655944824	Top1 accuracy: 85.15625
DEBUG:root:Epoch: 118	Loss: 0.6727226972579956	Top1 accuracy: 84.5703125
DEBUG:root:Epoch: 119	Loss: 0.7782666087150574	Top1 accuracy: 89.2578125
DEBUG:root:Epoch: 120	Loss: 0.6867983341217041	Top1 accuracy: 86.5234375
DEBUG:root:Epoch: 121	Loss: 0.68938148021698	Top1 accuracy: 86.71875
DEBUG:root:Epoch: 122	Loss: 0.9082705974578857	Top1 accuracy: 87.3046875
DEBUG:root:Epoch: 123	Loss: 0.9604010581970215	Top1 accuracy: 85.546875
DEBUG:root:Epoch: 124	Loss: 0.7626532316207886	Top1 accuracy: 86.328125
DEBUG:root:Epoch: 125	Loss: 0.7530297040939331	Top1 accuracy: 87.109375
DEBUG:root:Epoch: 126	Loss: 0.9841426610946655	Top1 accuracy: 88.4765625
DEBUG:root:Epoch: 127	Loss: 0.9549021124839783	Top1 accuracy: 87.6953125
DEBUG:root:Epoch: 128	Loss: 0.6187149882316589	Top1 accuracy: 84.1796875
DEBUG:root:Epoch: 129	Loss: 0.7288785576820374	Top1 accuracy: 88.4765625
DEBUG:root:Epoch: 130	Loss: 0.8159275650978088	Top1 accuracy: 86.328125
DEBUG:root:Epoch: 131	Loss: 0.7754054069519043	Top1 accuracy: 89.2578125
DEBUG:root:Epoch: 132	Loss: 0.7203449606895447	Top1 accuracy: 86.5234375
DEBUG:root:Epoch: 133	Loss: 0.749161958694458	Top1 accuracy: 91.015625
DEBUG:root:Epoch: 134	Loss: 0.7988350987434387	Top1 accuracy: 86.5234375
DEBUG:root:Epoch: 135	Loss: 0.7585800886154175	Top1 accuracy: 87.6953125
DEBUG:root:Epoch: 136	Loss: 0.7612159252166748	Top1 accuracy: 83.984375
DEBUG:root:Epoch: 137	Loss: 0.7600030303001404	Top1 accuracy: 82.8125
DEBUG:root:Epoch: 138	Loss: 0.6664002537727356	Top1 accuracy: 85.15625
DEBUG:root:Epoch: 139	Loss: 0.8250505328178406	Top1 accuracy: 87.109375
DEBUG:root:Epoch: 140	Loss: 0.687889814376831	Top1 accuracy: 88.0859375
DEBUG:root:Epoch: 141	Loss: 0.6915257573127747	Top1 accuracy: 84.765625
DEBUG:root:Epoch: 142	Loss: 0.8584462404251099	Top1 accuracy: 89.84375
DEBUG:root:Epoch: 143	Loss: 0.9682002663612366	Top1 accuracy: 86.9140625
DEBUG:root:Epoch: 144	Loss: 0.7736785411834717	Top1 accuracy: 84.375
DEBUG:root:Epoch: 145	Loss: 0.7659474015235901	Top1 accuracy: 87.3046875
DEBUG:root:Epoch: 146	Loss: 0.7950826287269592	Top1 accuracy: 86.5234375
DEBUG:root:Epoch: 147	Loss: 0.7315921187400818	Top1 accuracy: 87.5
DEBUG:root:Epoch: 148	Loss: 0.7301721572875977	Top1 accuracy: 86.71875
DEBUG:root:Epoch: 149	Loss: 0.8002654910087585	Top1 accuracy: 85.3515625
DEBUG:root:Epoch: 150	Loss: 0.7766403555870056	Top1 accuracy: 84.375
DEBUG:root:Epoch: 151	Loss: 0.7832275032997131	Top1 accuracy: 87.890625
DEBUG:root:Epoch: 152	Loss: 0.6629878282546997	Top1 accuracy: 88.0859375
DEBUG:root:Epoch: 153	Loss: 0.5986490249633789	Top1 accuracy: 90.0390625
DEBUG:root:Epoch: 154	Loss: 0.7902127504348755	Top1 accuracy: 85.9375
DEBUG:root:Epoch: 155	Loss: 0.7447699904441833	Top1 accuracy: 86.71875
DEBUG:root:Epoch: 156	Loss: 0.6489859819412231	Top1 accuracy: 85.3515625
DEBUG:root:Epoch: 157	Loss: 0.6938862800598145	Top1 accuracy: 87.5
DEBUG:root:Epoch: 158	Loss: 0.8096996545791626	Top1 accuracy: 87.6953125
DEBUG:root:Epoch: 159	Loss: 0.7120803594589233	Top1 accuracy: 90.4296875
DEBUG:root:Epoch: 160	Loss: 0.6902729272842407	Top1 accuracy: 87.6953125
DEBUG:root:Epoch: 161	Loss: 0.6849884390830994	Top1 accuracy: 87.5
DEBUG:root:Epoch: 162	Loss: 0.6498316526412964	Top1 accuracy: 86.71875
DEBUG:root:Epoch: 163	Loss: 0.8032448887825012	Top1 accuracy: 89.453125
DEBUG:root:Epoch: 164	Loss: 0.5479781031608582	Top1 accuracy: 86.1328125
DEBUG:root:Epoch: 165	Loss: 0.767868161201477	Top1 accuracy: 88.8671875
DEBUG:root:Epoch: 166	Loss: 0.789457380771637	Top1 accuracy: 87.5
DEBUG:root:Epoch: 167	Loss: 0.7677059173583984	Top1 accuracy: 89.6484375
DEBUG:root:Epoch: 168	Loss: 0.6664060950279236	Top1 accuracy: 91.6015625
DEBUG:root:Epoch: 169	Loss: 0.6684836745262146	Top1 accuracy: 88.0859375
DEBUG:root:Epoch: 170	Loss: 0.6372765302658081	Top1 accuracy: 88.28125
DEBUG:root:Epoch: 171	Loss: 0.6496667861938477	Top1 accuracy: 88.671875
DEBUG:root:Epoch: 172	Loss: 0.7869319915771484	Top1 accuracy: 89.453125
DEBUG:root:Epoch: 173	Loss: 0.7118780016899109	Top1 accuracy: 88.28125
DEBUG:root:Epoch: 174	Loss: 0.7202837467193604	Top1 accuracy: 89.0625
DEBUG:root:Epoch: 175	Loss: 0.6997500061988831	Top1 accuracy: 87.890625
DEBUG:root:Epoch: 176	Loss: 0.6163327097892761	Top1 accuracy: 89.6484375
DEBUG:root:Epoch: 177	Loss: 0.7770695686340332	Top1 accuracy: 84.5703125
DEBUG:root:Epoch: 178	Loss: 0.7641907334327698	Top1 accuracy: 86.9140625
DEBUG:root:Epoch: 179	Loss: 0.8842195272445679	Top1 accuracy: 87.6953125
DEBUG:root:Epoch: 180	Loss: 0.8042100667953491	Top1 accuracy: 89.2578125
DEBUG:root:Epoch: 181	Loss: 0.7585763931274414	Top1 accuracy: 84.765625
DEBUG:root:Epoch: 182	Loss: 0.7773042321205139	Top1 accuracy: 85.546875
DEBUG:root:Epoch: 183	Loss: 0.744403064250946	Top1 accuracy: 86.5234375
DEBUG:root:Epoch: 184	Loss: 0.623911440372467	Top1 accuracy: 88.8671875
DEBUG:root:Epoch: 185	Loss: 0.5951346755027771	Top1 accuracy: 89.6484375
DEBUG:root:Epoch: 186	Loss: 0.7093591690063477	Top1 accuracy: 86.71875
DEBUG:root:Epoch: 187	Loss: 0.7222203016281128	Top1 accuracy: 87.3046875
DEBUG:root:Epoch: 188	Loss: 0.7179675698280334	Top1 accuracy: 91.9921875
DEBUG:root:Epoch: 189	Loss: 0.7253189086914062	Top1 accuracy: 88.4765625
DEBUG:root:Epoch: 190	Loss: 0.6363962292671204	Top1 accuracy: 86.328125
DEBUG:root:Epoch: 191	Loss: 0.6786450743675232	Top1 accuracy: 91.9921875
DEBUG:root:Epoch: 192	Loss: 0.7377934455871582	Top1 accuracy: 88.8671875
DEBUG:root:Epoch: 193	Loss: 0.5659815073013306	Top1 accuracy: 89.6484375
DEBUG:root:Epoch: 194	Loss: 0.6669164299964905	Top1 accuracy: 88.8671875
DEBUG:root:Epoch: 195	Loss: 0.7325955033302307	Top1 accuracy: 89.84375
DEBUG:root:Epoch: 196	Loss: 0.6449386477470398	Top1 accuracy: 88.0859375
DEBUG:root:Epoch: 197	Loss: 0.7068176865577698	Top1 accuracy: 90.625
DEBUG:root:Epoch: 198	Loss: 0.6844550371170044	Top1 accuracy: 89.0625
DEBUG:root:Epoch: 199	Loss: 0.661622166633606	Top1 accuracy: 87.5
INFO:root:Training has finished.
INFO:root:Model checkpoint and metadata has been saved at runs/Apr13_14-18-24_j-leelab1.mae.ncsu.edu.
